{"@timestamp":"2026-07-14T05:01:12.118701253Z","@version":"1","message":"Starting SpringBootEfkLoggingApplication v1.0 using Java 21.0.11 with PID 1 (/app/app.jar started by root in /app)","logger_name":"com.demo.spring.SpringBootEfkLoggingApplication","thread_name":"main","level":"INFO","level_value":20000,"tags":["COMMONS-LOGGING"]}
{"@timestamp":"2026-07-14T05:01:12.134514396Z","@version":"1","message":"Running with Spring Boot v4.1.0, Spring v7.0.8","logger_name":"com.demo.spring.SpringBootEfkLoggingApplication","thread_name":"main","level":"DEBUG","level_value":10000,"tags":["COMMONS-LOGGING"]}
{"@timestamp":"2026-07-14T05:01:12.137365559Z","@version":"1","message":"No active profile set, falling back to 1 default profile: \"default\"","logger_name":"com.demo.spring.SpringBootEfkLoggingApplication","thread_name":"main","level":"INFO","level_value":20000,"tags":["COMMONS-LOGGING"]}
{"@timestamp":"2026-07-14T05:01:13.804217435Z","@version":"1","message":"Tomcat initialized with port 8080 (http)","logger_name":"org.springframework.boot.tomcat.TomcatWebServer","thread_name":"main","level":"INFO","level_value":20000,"tags":["COMMONS-LOGGING"]}
{"@timestamp":"2026-07-14T05:01:13.826704947Z","@version":"1","message":"Starting service [Tomcat]","logger_name":"org.apache.catalina.core.StandardService","thread_name":"main","level":"INFO","level_value":20000}
{"@timestamp":"2026-07-14T05:01:13.828201528Z","@version":"1","message":"Starting Servlet engine: [Apache Tomcat/11.0.22]","logger_name":"org.apache.catalina.core.StandardEngine","thread_name":"main","level":"INFO","level_value":20000}
{"@timestamp":"2026-07-14T05:01:13.869494916Z","@version":"1","message":"Root WebApplicationContext: initialization completed in 1650 ms","logger_name":"org.springframework.boot.web.context.servlet.WebApplicationContextInitializer","thread_name":"main","level":"INFO","level_value":20000,"tags":["COMMONS-LOGGING"]}
{"@timestamp":"2026-07-14T05:01:15.097248502Z","@version":"1","message":"Exposing 1 endpoint beneath base path '/actuator'","logger_name":"org.springframework.boot.actuate.endpoint.web.EndpointLinksResolver","thread_name":"main","level":"INFO","level_value":20000,"tags":["COMMONS-LOGGING"]}
{"@timestamp":"2026-07-14T05:01:15.199061826Z","@version":"1","message":"Tomcat started on port 8080 (http) with context path '/'","logger_name":"org.springframework.boot.tomcat.TomcatWebServer","thread_name":"main","level":"INFO","level_value":20000,"tags":["COMMONS-LOGGING"]}
{"@timestamp":"2026-07-14T05:01:15.21544658Z","@version":"1","message":"Started SpringBootEfkLoggingApplication in 3.964 seconds (process running for 4.788)","logger_name":"com.demo.spring.SpringBootEfkLoggingApplication","thread_name":"main","level":"INFO","level_value":20000,"tags":["COMMONS-LOGGING"]}
{"@timestamp":"2026-07-14T05:02:14.553777364Z","@version":"1","message":"Initializing Spring DispatcherServlet 'dispatcherServlet'","logger_name":"org.apache.catalina.core.ContainerBase.[Tomcat].[localhost].[/]","thread_name":"http-nio-8080-exec-1","level":"INFO","level_value":20000}
{"@timestamp":"2026-07-14T05:02:14.554716819Z","@version":"1","message":"Initializing Servlet 'dispatcherServlet'","logger_name":"org.springframework.web.servlet.DispatcherServlet","thread_name":"http-nio-8080-exec-1","level":"INFO","level_value":20000,"tags":["COMMONS-LOGGING"]}
{"@timestamp":"2026-07-14T05:02:14.556869311Z","@version":"1","message":"Completed initialization in 1 ms","logger_name":"org.springframework.web.servlet.DispatcherServlet","thread_name":"http-nio-8080-exec-1","level":"INFO","level_value":20000,"tags":["COMMONS-LOGGING"]}
{"@timestamp":"2026-07-14T05:02:14.608360054Z","@version":"1","message":"Finding employee 10","logger_name":"com.demo.spring.EmployeeController","thread_name":"http-nio-8080-exec-1","level":"INFO","level_value":20000}
{"@timestamp":"2026-07-14T05:02:14.794573203Z","@version":"1","message":"Finding employee 10","logger_name":"com.demo.spring.EmployeeController","thread_name":"http-nio-8080-exec-2","level":"INFO","level_value":20000}
{"@timestamp":"2026-07-14T05:02:14.962754067Z","@version":"1","message":"Finding employee 10","logger_name":"com.demo.spring.EmployeeController","thread_name":"http-nio-8080-exec-3","level":"INFO","level_value":20000}
{"@timestamp":"2026-07-14T05:02:15.17334602Z","@version":"1","message":"Finding employee 10","logger_name":"com.demo.spring.EmployeeController","thread_name":"http-nio-8080-exec-4","level":"INFO","level_value":20000}
{"@timestamp":"2026-07-14T05:02:15.416793077Z","@version":"1","message":"Finding employee 10","logger_name":"com.demo.spring.EmployeeController","thread_name":"http-nio-8080-exec-5","level":"INFO","level_value":20000}
{"@timestamp":"2026-07-14T05:02:15.637667055Z","@version":"1","message":"Finding employee 10","logger_name":"com.demo.spring.EmployeeController","thread_name":"http-nio-8080-exec-6","level":"INFO","level_value":20000}
{"@timestamp":"2026-07-14T05:02:15.858834209Z","@version":"1","message":"Finding employee 10","logger_name":"com.demo.spring.EmployeeController","thread_name":"http-nio-8080-exec-7","level":"INFO","level_value":20000}
{"@timestamp":"2026-07-14T05:02:16.088092411Z","@version":"1","message":"Finding employee 10","logger_name":"com.demo.spring.EmployeeController","thread_name":"http-nio-8080-exec-8","level":"INFO","level_value":20000}
{"@timestamp":"2026-07-14T05:02:16.312629865Z","@version":"1","message":"Finding employee 10","logger_name":"com.demo.spring.EmployeeController","thread_name":"http-nio-8080-exec-9","level":"INFO","level_value":20000}
{"@timestamp":"2026-07-14T05:02:16.545988398Z","@version":"1","message":"Finding employee 10","logger_name":"com.demo.spring.EmployeeController","thread_name":"http-nio-8080-exec-10","level":"INFO","level_value":20000}
{"@timestamp":"2026-07-14T05:02:16.761097356Z","@version":"1","message":"Finding employee 10","logger_name":"com.demo.spring.EmployeeController","thread_name":"http-nio-8080-exec-1","level":"INFO","level_value":20000}
{"@timestamp":"2026-07-14T05:02:16.982021941Z","@version":"1","message":"Finding employee 10","logger_name":"com.demo.spring.EmployeeController","thread_name":"http-nio-8080-exec-2","level":"INFO","level_value":20000}
{"@timestamp":"2026-07-14T05:02:17.217109581Z","@version":"1","message":"Finding employee 10","logger_name":"com.demo.spring.EmployeeController","thread_name":"http-nio-8080-exec-3","level":"INFO","level_value":20000}
{"@timestamp":"2026-07-14T05:02:17.453559365Z","@version":"1","message":"Finding employee 10","logger_name":"com.demo.spring.EmployeeController","thread_name":"http-nio-8080-exec-4","level":"INFO","level_value":20000}
{"@timestamp":"2026-07-14T05:02:17.690973203Z","@version":"1","message":"Finding employee 10","logger_name":"com.demo.spring.EmployeeController","thread_name":"http-nio-8080-exec-5","level":"INFO","level_value":20000}
{"@timestamp":"2026-07-14T05:02:17.909714477Z","@version":"1","message":"Finding employee 10","logger_name":"com.demo.spring.EmployeeController","thread_name":"http-nio-8080-exec-6","level":"INFO","level_value":20000}
{"@timestamp":"2026-07-14T05:02:18.139128017Z","@version":"1","message":"Finding employee 10","logger_name":"com.demo.spring.EmployeeController","thread_name":"http-nio-8080-exec-7","level":"INFO","level_value":20000}
{"@timestamp":"2026-07-14T05:02:18.349426019Z","@version":"1","message":"Finding employee 10","logger_name":"com.demo.spring.EmployeeController","thread_name":"http-nio-8080-exec-8","level":"INFO","level_value":20000}
{"@timestamp":"2026-07-14T05:02:18.570304864Z","@version":"1","message":"Finding employee 10","logger_name":"com.demo.spring.EmployeeController","thread_name":"http-nio-8080-exec-9","level":"INFO","level_value":20000}
{"@timestamp":"2026-07-14T05:02:18.782977378Z","@version":"1","message":"Finding employee 10","logger_name":"com.demo.spring.EmployeeController","thread_name":"http-nio-8080-exec-10","level":"INFO","level_value":20000}
{"@timestamp":"2026-07-14T05:02:18.983829429Z","@version":"1","message":"Finding employee 10","logger_name":"com.demo.spring.EmployeeController","thread_name":"http-nio-8080-exec-1","level":"INFO","level_value":20000}
{"@timestamp":"2026-07-14T05:08:40.659563143Z","@version":"1","message":"Finding employee 10","logger_name":"com.demo.spring.EmployeeController","thread_name":"http-nio-8080-exec-5","level":"INFO","level_value":20000}
{"@timestamp":"2026-07-14T05:08:41.068607202Z","@version":"1","message":"Finding employee 10","logger_name":"com.demo.spring.EmployeeController","thread_name":"http-nio-8080-exec-6","level":"INFO","level_value":20000}
{"@timestamp":"2026-07-14T05:08:41.516007168Z","@version":"1","message":"Finding employee 10","logger_name":"com.demo.spring.EmployeeController","thread_name":"http-nio-8080-exec-7","level":"INFO","level_value":20000}
{"@timestamp":"2026-07-14T05:08:41.897157741Z","@version":"1","message":"Finding employee 10","logger_name":"com.demo.spring.EmployeeController","thread_name":"http-nio-8080-exec-8","level":"INFO","level_value":20000}
{"@timestamp":"2026-07-14T05:08:42.305537244Z","@version":"1","message":"Finding employee 10","logger_name":"com.demo.spring.EmployeeController","thread_name":"http-nio-8080-exec-9","level":"INFO","level_value":20000}
{"@timestamp":"2026-07-14T05:08:42.73836009Z","@version":"1","message":"Finding employee 10","logger_name":"com.demo.spring.EmployeeController","thread_name":"http-nio-8080-exec-10","level":"INFO","level_value":20000}
{"@timestamp":"2026-07-14T05:08:43.151257711Z","@version":"1","message":"Finding employee 10","logger_name":"com.demo.spring.EmployeeController","thread_name":"http-nio-8080-exec-1","level":"INFO","level_value":20000}
{"@timestamp":"2026-07-14T05:08:43.501787668Z","@version":"1","message":"Finding employee 10","logger_name":"com.demo.spring.EmployeeController","thread_name":"http-nio-8080-exec-2","level":"INFO","level_value":20000}
{"@timestamp":"2026-07-14T05:08:43.811767304Z","@version":"1","message":"Finding employee 10","logger_name":"com.demo.spring.EmployeeController","thread_name":"http-nio-8080-exec-3","level":"INFO","level_value":20000}
{"@timestamp":"2026-07-14T05:08:44.181256284Z","@version":"1","message":"Finding employee 10","logger_name":"com.demo.spring.EmployeeController","thread_name":"http-nio-8080-exec-4","level":"INFO","level_value":20000}
{"@timestamp":"2026-07-14T05:08:44.581986494Z","@version":"1","message":"Finding employee 10","logger_name":"com.demo.spring.EmployeeController","thread_name":"http-nio-8080-exec-5","level":"INFO","level_value":20000}
{"@timestamp":"2026-07-14T05:08:44.942019319Z","@version":"1","message":"Finding employee 10","logger_name":"com.demo.spring.EmployeeController","thread_name":"http-nio-8080-exec-6","level":"INFO","level_value":20000}
{"@timestamp":"2026-07-14T05:08:45.341315712Z","@version":"1","message":"Finding employee 10","logger_name":"com.demo.spring.EmployeeController","thread_name":"http-nio-8080-exec-7","level":"INFO","level_value":20000}
{"@timestamp":"2026-07-14T05:08:45.687355006Z","@version":"1","message":"Finding employee 10","logger_name":"com.demo.spring.EmployeeController","thread_name":"http-nio-8080-exec-8","level":"INFO","level_value":20000}
{"@timestamp":"2026-07-14T05:35:22.695994605Z","@version":"1","message":"Commencing graceful shutdown. Waiting for active requests to complete","logger_name":"org.springframework.boot.tomcat.GracefulShutdown","thread_name":"SpringApplicationShutdownHook","level":"INFO","level_value":20000,"tags":["COMMONS-LOGGING"]}
{"@timestamp":"2026-07-14T05:35:22.706352449Z","@version":"1","message":"Graceful shutdown complete","logger_name":"org.springframework.boot.tomcat.GracefulShutdown","thread_name":"tomcat-shutdown","level":"INFO","level_value":20000,"tags":["COMMONS-LOGGING"]}
{"@timestamp":"2026-07-14T05:35:40.317961123Z","@version":"1","message":"Starting SpringBootEfkLoggingApplication v1.0 using Java 21.0.11 with PID 1 (/app/app.jar started by root in /app)","logger_name":"com.demo.spring.SpringBootEfkLoggingApplication","thread_name":"main","level":"INFO","level_value":20000,"tags":["COMMONS-LOGGING"]}
{"@timestamp":"2026-07-14T05:35:40.331696283Z","@version":"1","message":"Running with Spring Boot v4.1.0, Spring v7.0.8","logger_name":"com.demo.spring.SpringBootEfkLoggingApplication","thread_name":"main","level":"DEBUG","level_value":10000,"tags":["COMMONS-LOGGING"]}
{"@timestamp":"2026-07-14T05:35:40.335002338Z","@version":"1","message":"No active profile set, falling back to 1 default profile: \"default\"","logger_name":"com.demo.spring.SpringBootEfkLoggingApplication","thread_name":"main","level":"INFO","level_value":20000,"tags":["COMMONS-LOGGING"]}
{"@timestamp":"2026-07-14T05:35:42.04775599Z","@version":"1","message":"Tomcat initialized with port 8080 (http)","logger_name":"org.springframework.boot.tomcat.TomcatWebServer","thread_name":"main","level":"INFO","level_value":20000,"tags":["COMMONS-LOGGING"]}
{"@timestamp":"2026-07-14T05:35:42.069954098Z","@version":"1","message":"Starting service [Tomcat]","logger_name":"org.apache.catalina.core.StandardService","thread_name":"main","level":"INFO","level_value":20000}
{"@timestamp":"2026-07-14T05:35:42.071105009Z","@version":"1","message":"Starting Servlet engine: [Apache Tomcat/11.0.22]","logger_name":"org.apache.catalina.core.StandardEngine","thread_name":"main","level":"INFO","level_value":20000}
{"@timestamp":"2026-07-14T05:35:42.113666755Z","@version":"1","message":"Root WebApplicationContext: initialization completed in 1696 ms","logger_name":"org.springframework.boot.web.context.servlet.WebApplicationContextInitializer","thread_name":"main","level":"INFO","level_value":20000,"tags":["COMMONS-LOGGING"]}
{"@timestamp":"2026-07-14T05:35:43.325784716Z","@version":"1","message":"Exposing 1 endpoint beneath base path '/actuator'","logger_name":"org.springframework.boot.actuate.endpoint.web.EndpointLinksResolver","thread_name":"main","level":"INFO","level_value":20000,"tags":["COMMONS-LOGGING"]}
{"@timestamp":"2026-07-14T05:35:43.444741801Z","@version":"1","message":"Tomcat started on port 8080 (http) with context path '/'","logger_name":"org.springframework.boot.tomcat.TomcatWebServer","thread_name":"main","level":"INFO","level_value":20000,"tags":["COMMONS-LOGGING"]}
{"@timestamp":"2026-07-14T05:35:43.459208799Z","@version":"1","message":"Started SpringBootEfkLoggingApplication in 4.009 seconds (process running for 4.887)","logger_name":"com.demo.spring.SpringBootEfkLoggingApplication","thread_name":"main","level":"INFO","level_value":20000,"tags":["COMMONS-LOGGING"]}
{"@timestamp":"2026-07-14T05:41:15.321293044Z","@version":"1","message":"Commencing graceful shutdown. Waiting for active requests to complete","logger_name":"org.springframework.boot.tomcat.GracefulShutdown","thread_name":"SpringApplicationShutdownHook","level":"INFO","level_value":20000,"tags":["COMMONS-LOGGING"]}
{"@timestamp":"2026-07-14T05:41:15.329152979Z","@version":"1","message":"Graceful shutdown complete","logger_name":"org.springframework.boot.tomcat.GracefulShutdown","thread_name":"tomcat-shutdown","level":"INFO","level_value":20000,"tags":["COMMONS-LOGGING"]}
{"@timestamp":"2026-07-14T05:41:28.031694321Z","@version":"1","message":"Starting SpringBootEfkLoggingApplication v1.0 using Java 21.0.11 with PID 1 (/app/app.jar started by root in /app)","logger_name":"com.demo.spring.SpringBootEfkLoggingApplication","thread_name":"main","level":"INFO","level_value":20000,"tags":["COMMONS-LOGGING"]}
{"@timestamp":"2026-07-14T05:41:28.048944386Z","@version":"1","message":"Running with Spring Boot v4.1.0, Spring v7.0.8","logger_name":"com.demo.spring.SpringBootEfkLoggingApplication","thread_name":"main","level":"DEBUG","level_value":10000,"tags":["COMMONS-LOGGING"]}
{"@timestamp":"2026-07-14T05:41:28.052152994Z","@version":"1","message":"No active profile set, falling back to 1 default profile: \"default\"","logger_name":"com.demo.spring.SpringBootEfkLoggingApplication","thread_name":"main","level":"INFO","level_value":20000,"tags":["COMMONS-LOGGING"]}
{"@timestamp":"2026-07-14T05:41:29.682900694Z","@version":"1","message":"Tomcat initialized with port 8080 (http)","logger_name":"org.springframework.boot.tomcat.TomcatWebServer","thread_name":"main","level":"INFO","level_value":20000,"tags":["COMMONS-LOGGING"]}
{"@timestamp":"2026-07-14T05:41:29.701162907Z","@version":"1","message":"Starting service [Tomcat]","logger_name":"org.apache.catalina.core.StandardService","thread_name":"main","level":"INFO","level_value":20000}
{"@timestamp":"2026-07-14T05:41:29.702595555Z","@version":"1","message":"Starting Servlet engine: [Apache Tomcat/11.0.22]","logger_name":"org.apache.catalina.core.StandardEngine","thread_name":"main","level":"INFO","level_value":20000}
{"@timestamp":"2026-07-14T05:41:29.738538744Z","@version":"1","message":"Root WebApplicationContext: initialization completed in 1600 ms","logger_name":"org.springframework.boot.web.context.servlet.WebApplicationContextInitializer","thread_name":"main","level":"INFO","level_value":20000,"tags":["COMMONS-LOGGING"]}
{"@timestamp":"2026-07-14T05:41:30.796662255Z","@version":"1","message":"Exposing 1 endpoint beneath base path '/actuator'","logger_name":"org.springframework.boot.actuate.endpoint.web.EndpointLinksResolver","thread_name":"main","level":"INFO","level_value":20000,"tags":["COMMONS-LOGGING"]}
{"@timestamp":"2026-07-14T05:41:30.894235722Z","@version":"1","message":"Tomcat started on port 8080 (http) with context path '/'","logger_name":"org.springframework.boot.tomcat.TomcatWebServer","thread_name":"main","level":"INFO","level_value":20000,"tags":["COMMONS-LOGGING"]}
{"@timestamp":"2026-07-14T05:41:30.910248Z","@version":"1","message":"Started SpringBootEfkLoggingApplication in 3.782 seconds (process running for 4.569)","logger_name":"com.demo.spring.SpringBootEfkLoggingApplication","thread_name":"main","level":"INFO","level_value":20000,"tags":["COMMONS-LOGGING"]}
{"@timestamp":"2026-07-14T05:52:29.179035902Z","@version":"1","message":"Commencing graceful shutdown. Waiting for active requests to complete","logger_name":"org.springframework.boot.tomcat.GracefulShutdown","thread_name":"SpringApplicationShutdownHook","level":"INFO","level_value":20000,"tags":["COMMONS-LOGGING"]}
{"@timestamp":"2026-07-14T05:52:29.191113992Z","@version":"1","message":"Graceful shutdown complete","logger_name":"org.springframework.boot.tomcat.GracefulShutdown","thread_name":"tomcat-shutdown","level":"INFO","level_value":20000,"tags":["COMMONS-LOGGING"]}
{"@timestamp":"2026-07-14T06:58:20.816027622Z","@version":"1","message":"Starting SpringBootEfkLoggingApplication v1.0 using Java 21.0.11 with PID 1 (/app/app.jar started by root in /app)","logger_name":"com.demo.spring.SpringBootEfkLoggingApplication","thread_name":"main","level":"INFO","level_value":20000,"tags":["COMMONS-LOGGING"]}
{"@timestamp":"2026-07-14T06:58:20.834096847Z","@version":"1","message":"Running with Spring Boot v4.1.0, Spring v7.0.8","logger_name":"com.demo.spring.SpringBootEfkLoggingApplication","thread_name":"main","level":"DEBUG","level_value":10000,"tags":["COMMONS-LOGGING"]}
{"@timestamp":"2026-07-14T06:58:20.837170304Z","@version":"1","message":"No active profile set, falling back to 1 default profile: \"default\"","logger_name":"com.demo.spring.SpringBootEfkLoggingApplication","thread_name":"main","level":"INFO","level_value":20000,"tags":["COMMONS-LOGGING"]}
{"@timestamp":"2026-07-14T06:58:22.701192967Z","@version":"1","message":"Tomcat initialized with port 8080 (http)","logger_name":"org.springframework.boot.tomcat.TomcatWebServer","thread_name":"main","level":"INFO","level_value":20000,"tags":["COMMONS-LOGGING"]}
{"@timestamp":"2026-07-14T06:58:22.728239529Z","@version":"1","message":"Starting service [Tomcat]","logger_name":"org.apache.catalina.core.StandardService","thread_name":"main","level":"INFO","level_value":20000}
{"@timestamp":"2026-07-14T06:58:22.729566583Z","@version":"1","message":"Starting Servlet engine: [Apache Tomcat/11.0.22]","logger_name":"org.apache.catalina.core.StandardEngine","thread_name":"main","level":"INFO","level_value":20000}
{"@timestamp":"2026-07-14T06:58:22.780791545Z","@version":"1","message":"Root WebApplicationContext: initialization completed in 1811 ms","logger_name":"org.springframework.boot.web.context.servlet.WebApplicationContextInitializer","thread_name":"main","level":"INFO","level_value":20000,"tags":["COMMONS-LOGGING"]}
{"@timestamp":"2026-07-14T06:58:24.101418153Z","@version":"1","message":"Exposing 1 endpoint beneath base path '/actuator'","logger_name":"org.springframework.boot.actuate.endpoint.web.EndpointLinksResolver","thread_name":"main","level":"INFO","level_value":20000,"tags":["COMMONS-LOGGING"]}
{"@timestamp":"2026-07-14T06:58:24.235351904Z","@version":"1","message":"Tomcat started on port 8080 (http) with context path '/'","logger_name":"org.springframework.boot.tomcat.TomcatWebServer","thread_name":"main","level":"INFO","level_value":20000,"tags":["COMMONS-LOGGING"]}
{"@timestamp":"2026-07-14T06:58:24.254704914Z","@version":"1","message":"Started SpringBootEfkLoggingApplication in 4.572 seconds (process running for 5.597)","logger_name":"com.demo.spring.SpringBootEfkLoggingApplication","thread_name":"main","level":"INFO","level_value":20000,"tags":["COMMONS-LOGGING"]}
{"@timestamp":"2026-07-14T07:37:33.411331219Z","@version":"1","message":"Commencing graceful shutdown. Waiting for active requests to complete","logger_name":"org.springframework.boot.tomcat.GracefulShutdown","thread_name":"SpringApplicationShutdownHook","level":"INFO","level_value":20000,"tags":["COMMONS-LOGGING"]}
{"@timestamp":"2026-07-14T07:37:33.435062247Z","@version":"1","message":"Graceful shutdown complete","logger_name":"org.springframework.boot.tomcat.GracefulShutdown","thread_name":"tomcat-shutdown","level":"INFO","level_value":20000,"tags":["COMMONS-LOGGING"]}
